2024-08-17 14:37:19,408 [Worker-0: Loading available Gradle versions] INFO  o.e.b.c.i.u.g.PublishedGradleVersions - Gradle version information cache is up-to-date. Trying to read.
2024-08-17 14:45:11,297 [Worker-1: Loading available Gradle versions] INFO  o.e.b.c.i.u.g.PublishedGradleVersions - Gradle version information cache is up-to-date. Trying to read.
2024-08-17 15:00:47,561 [Worker-10: Creating project "chezubaseleniumassignment"] INFO  o.e.m.c.i.l.LifecycleMappingFactory - Using org.eclipse.m2e.jdt.JarLifecycleMapping lifecycle mapping for MavenProject: chezubaseleniumassignment:chezubaseleniumassignment:0.0.1-SNAPSHOT @ C:\assignment\chezuba\chezubaseleniumassignment\pom.xml.
2024-08-17 15:00:49,381 [Worker-10: Creating project "chezubaseleniumassignment"] INFO  o.e.m.j.i.AbstractJavaProjectConfigurator - Adding source folder /chezubaseleniumassignment/src/main/java
2024-08-17 15:00:49,386 [Worker-10: Creating project "chezubaseleniumassignment"] INFO  o.e.m.j.i.AbstractJavaProjectConfigurator - Adding resource folder /chezubaseleniumassignment/src/main/resources
2024-08-17 15:00:49,387 [Worker-10: Creating project "chezubaseleniumassignment"] INFO  o.e.m.j.i.AbstractJavaProjectConfigurator - Adding source folder /chezubaseleniumassignment/src/test/java
2024-08-17 15:00:49,390 [Worker-10: Creating project "chezubaseleniumassignment"] INFO  o.e.m.j.i.AbstractJavaProjectConfigurator - Adding resource folder /chezubaseleniumassignment/src/test/resources
2024-08-17 15:00:49,923 [Worker-17: Building] WARN  o.a.m.s.f.DefaultMavenResourcesFiltering - Using platform encoding (Cp1252 actually) to copy filtered resources, i.e. build is platform dependent!
2024-08-17 15:00:49,930 [Worker-17: Building] INFO  o.a.m.s.f.DefaultMavenResourcesFiltering - Copying 0 resource from src\main\resources to target\classes
2024-08-17 15:00:49,937 [Worker-17: Building] WARN  o.a.m.s.f.DefaultMavenResourcesFiltering - Using platform encoding (Cp1252 actually) to copy filtered resources, i.e. build is platform dependent!
2024-08-17 15:00:49,939 [Worker-17: Building] INFO  o.a.m.s.f.DefaultMavenResourcesFiltering - Copying 0 resource from src\test\resources to target\test-classes
2024-08-17 15:01:41,563 [Worker-10: Building] WARN  o.a.m.s.f.DefaultMavenResourcesFiltering - Using platform encoding (Cp1252 actually) to copy filtered resources, i.e. build is platform dependent!
2024-08-17 15:01:41,568 [Worker-10: Building] INFO  o.a.m.s.f.DefaultMavenResourcesFiltering - Copying 0 resource from src\main\resources to target\classes
2024-08-17 15:01:41,577 [Worker-10: Building] WARN  o.a.m.s.f.DefaultMavenResourcesFiltering - Using platform encoding (Cp1252 actually) to copy filtered resources, i.e. build is platform dependent!
2024-08-17 15:01:41,579 [Worker-10: Building] INFO  o.a.m.s.f.DefaultMavenResourcesFiltering - Copying 0 resource from src\test\resources to target\test-classes
2024-08-17 15:03:31,060 [Worker-16: Building] INFO  o.e.m.c.i.l.LifecycleMappingFactory - Using org.eclipse.m2e.jdt.JarLifecycleMapping lifecycle mapping for MavenProject: chezubaseleniumassignment:chezubaseleniumassignment:0.0.1-SNAPSHOT @ C:\assignment\chezuba\chezubaseleniumassignment\pom.xml.
2024-08-17 15:03:35,981 [Worker-16: Building] WARN  o.a.m.s.f.DefaultMavenResourcesFiltering - Using platform encoding (Cp1252 actually) to copy filtered resources, i.e. build is platform dependent!
2024-08-17 15:03:35,987 [Worker-16: Building] INFO  o.a.m.s.f.DefaultMavenResourcesFiltering - Copying 0 resource from src\main\resources to target\classes
2024-08-17 15:03:35,995 [Worker-16: Building] WARN  o.a.m.s.f.DefaultMavenResourcesFiltering - Using platform encoding (Cp1252 actually) to copy filtered resources, i.e. build is platform dependent!
2024-08-17 15:03:35,998 [Worker-16: Building] INFO  o.a.m.s.f.DefaultMavenResourcesFiltering - Copying 0 resource from src\test\resources to target\test-classes
2024-08-17 15:03:37,793 [Worker-17: Building] WARN  o.a.m.s.f.DefaultMavenResourcesFiltering - Using platform encoding (Cp1252 actually) to copy filtered resources, i.e. build is platform dependent!
2024-08-17 15:03:37,794 [Worker-17: Building] INFO  o.a.m.s.f.DefaultMavenResourcesFiltering - Copying 0 resource from src\main\resources to target\classes
2024-08-17 15:03:37,797 [Worker-17: Building] WARN  o.a.m.s.f.DefaultMavenResourcesFiltering - Using platform encoding (Cp1252 actually) to copy filtered resources, i.e. build is platform dependent!
2024-08-17 15:03:37,799 [Worker-17: Building] INFO  o.a.m.s.f.DefaultMavenResourcesFiltering - Copying 0 resource from src\test\resources to target\test-classes
